<?xml version="1.0" encoding="UTF-8" standalone="no"?>
<testsuite failures="1" name="cucumber.runtime.formatter.JUnitFormatter" skipped="0" tests="1" time="0">
<testcase classname="FreeCRM application test" name="Validate Free CRM Home Page test" time="0">
<failure message="The scenario has pending or undefined step(s)"><![CDATA[Given user opens browser....................................................undefined
Then user is on login page..................................................undefined
Then user logs into app.....................................................undefined
Then validate homepage title................................................undefined
]]></failure>
</testcase>
</testsuite>
